<?xml version="1.0" encoding="UTF-8"?>
<!-- Generated by org.testng.reporters.JUnitXMLReporter -->
<testsuite ignored="0" hostname="LAPTOP-JBQFFHVJ" failures="0" tests="3" name="Module-Personal Loan" time="0.038" errors="0" timestamp="2022-07-24T18:13:14 IST">
  <testcase classname="TestNGFrameWork.TestNGProgram1" name="m1" time="0.006"/>
  <testcase classname="TestNGFrameWork.TestNGProgram1" name="m2" time="0.001"/>
  <testcase classname="TestNGFrameWork.TestNGProgram2" name="m3" time="0.001"/>
</testsuite> <!-- Module-Personal Loan -->
